生成启动时间为 2017/6/25 17:14:01。
     1>项目“F:\大学\学科\C++\文件管理\文件管理\文件管理.vcxproj”在节点 2 上(Build 个目标)。
     1>ClCompile:
         E:\C语言\VC\bin\CL.exe /c /ZI /nologo /W3 /WX- /Od /Oy- /D WIN32 /D _DEBUG /D _CONSOLE /D _UNICODE /D UNICODE /Gm /EHsc /RTC1 /MDd /GS /fp:precise /Zc:wchar_t /Zc:forScope /Fo"Debug\\" /Fd"Debug\vc110.pdb" /Gd /TP /analyze- /errorReport:prompt "文件管理.cpp"
         文件管理.cpp
     1>f:\大学\学科\c++\文件管理\文件管理\文件管理.cpp(48): warning C4129: “s”: 不可识别的字符转义序列
     1>f:\大学\学科\c++\文件管理\文件管理\文件管理.cpp(48): warning C4996: 'fopen': This function or variable may be unsafe. Consider using fopen_s instead. To disable deprecation, use _CRT_SECURE_NO_WARNINGS. See online help for details.
                 e:\c语言\vc\include\stdio.h(218) : 参见“fopen”的声明
     1>f:\大学\学科\c++\文件管理\文件管理\文件管理.cpp(92): warning C4996: 'strcpy': This function or variable may be unsafe. Consider using strcpy_s instead. To disable deprecation, use _CRT_SECURE_NO_WARNINGS. See online help for details.
                 e:\c语言\vc\include\string.h(110) : 参见“strcpy”的声明
     1>f:\大学\学科\c++\文件管理\文件管理\文件管理.cpp(129): warning C4996: 'strcpy': This function or variable may be unsafe. Consider using strcpy_s instead. To disable deprecation, use _CRT_SECURE_NO_WARNINGS. See online help for details.
                 e:\c语言\vc\include\string.h(110) : 参见“strcpy”的声明
     1>f:\大学\学科\c++\文件管理\文件管理\文件管理.cpp(142): warning C4129: “s”: 不可识别的字符转义序列
     1>f:\大学\学科\c++\文件管理\文件管理\文件管理.cpp(142): warning C4996: 'fopen': This function or variable may be unsafe. Consider using fopen_s instead. To disable deprecation, use _CRT_SECURE_NO_WARNINGS. See online help for details.
                 e:\c语言\vc\include\stdio.h(218) : 参见“fopen”的声明
     1>f:\大学\学科\c++\文件管理\文件管理\文件管理.cpp(221): warning C4715: “del”: 不是所有的控件路径都返回值
       Link:
         E:\C语言\VC\bin\link.exe /ERRORREPORT:PROMPT /OUT:"F:\大学\学科\C++\文件管理\Debug\文件管理.exe" /INCREMENTAL /NOLOGO kernel32.lib user32.lib gdi32.lib winspool.lib comdlg32.lib advapi32.lib shell32.lib ole32.lib oleaut32.lib uuid.lib odbc32.lib odbccp32.lib /MANIFEST /MANIFESTUAC:"level='asInvoker' uiAccess='false'" /manifest:embed /DEBUG /PDB:"F:\大学\学科\C++\文件管理\Debug\文件管理.pdb" /SUBSYSTEM:CONSOLE /TLBID:1 /DYNAMICBASE /NXCOMPAT /IMPLIB:"F:\大学\学科\C++\文件管理\Debug\文件管理.lib" /MACHINE:X86 "Debug\文件管理.obj"
         文件管理.vcxproj -> F:\大学\学科\C++\文件管理\Debug\文件管理.exe
     1>已完成生成项目“F:\大学\学科\C++\文件管理\文件管理\文件管理.vcxproj”(Build 个目标)的操作。

生成成功。

已用时间 00:00:02.67
